{"/Users/tobennna/Projects/using_me/server.js":{"path":"/Users/tobennna/Projects/using_me/server.js","s":{"1":1,"2":1,"3":1,"4":1},"b":{},"f":{},"fnMap":{},"statementMap":{"1":{"start":{"line":1,"column":0},"end":{"line":1,"column":25}},"2":{"start":{"line":2,"column":0},"end":{"line":2,"column":33}},"3":{"start":{"line":3,"column":0},"end":{"line":3,"column":33}},"4":{"start":{"line":5,"column":0},"end":{"line":5,"column":16}}},"branchMap":{}},"/Users/tobennna/Projects/using_me/routes.js":{"path":"/Users/tobennna/Projects/using_me/routes.js","s":{"1":1,"2":1,"3":1,"4":1,"5":4,"6":4,"7":4,"8":1,"9":3,"10":1,"11":2,"12":2,"13":2,"14":2,"15":2,"16":2,"17":1,"18":1,"19":1,"20":1,"21":1,"22":1,"23":1,"24":1,"25":1,"26":1,"27":1,"28":1,"29":1},"b":{"1":[1,3],"2":[1,1]},"f":{"1":4,"2":2,"3":1,"4":1},"fnMap":{"1":{"name":"(anonymous_1)","line":5,"loc":{"start":{"line":5,"column":25},"end":{"line":5,"column":38}}},"2":{"name":"(anonymous_2)","line":15,"loc":{"start":{"line":15,"column":23},"end":{"line":15,"column":36}}},"3":{"name":"(anonymous_3)","line":28,"loc":{"start":{"line":28,"column":24},"end":{"line":28,"column":39}}},"4":{"name":"(anonymous_4)","line":35,"loc":{"start":{"line":35,"column":25},"end":{"line":35,"column":38}}}},"statementMap":{"1":{"start":{"line":1,"column":0},"end":{"line":1,"column":37}},"2":{"start":{"line":2,"column":0},"end":{"line":2,"column":31}},"3":{"start":{"line":3,"column":0},"end":{"line":3,"column":36}},"4":{"start":{"line":5,"column":0},"end":{"line":13,"column":3}},"5":{"start":{"line":6,"column":2},"end":{"line":6,"column":36}},"6":{"start":{"line":7,"column":2},"end":{"line":7,"column":42}},"7":{"start":{"line":8,"column":2},"end":{"line":12,"column":3}},"8":{"start":{"line":9,"column":4},"end":{"line":9,"column":22}},"9":{"start":{"line":11,"column":4},"end":{"line":11,"column":21}},"10":{"start":{"line":15,"column":0},"end":{"line":33,"column":3}},"11":{"start":{"line":16,"column":2},"end":{"line":16,"column":33}},"12":{"start":{"line":17,"column":2},"end":{"line":17,"column":16}},"13":{"start":{"line":18,"column":2},"end":{"line":18,"column":30}},"14":{"start":{"line":19,"column":2},"end":{"line":19,"column":42}},"15":{"start":{"line":20,"column":2},"end":{"line":20,"column":46}},"16":{"start":{"line":21,"column":2},"end":{"line":32,"column":3}},"17":{"start":{"line":22,"column":4},"end":{"line":22,"column":21}},"18":{"start":{"line":23,"column":4},"end":{"line":23,"column":36}},"19":{"start":{"line":26,"column":4},"end":{"line":26,"column":22}},"20":{"start":{"line":27,"column":4},"end":{"line":27,"column":33}},"21":{"start":{"line":28,"column":4},"end":{"line":30,"column":7}},"22":{"start":{"line":29,"column":6},"end":{"line":29,"column":32}},"23":{"start":{"line":31,"column":4},"end":{"line":31,"column":25}},"24":{"start":{"line":35,"column":0},"end":{"line":40,"column":3}},"25":{"start":{"line":36,"column":2},"end":{"line":36,"column":37}},"26":{"start":{"line":37,"column":2},"end":{"line":37,"column":36}},"27":{"start":{"line":38,"column":2},"end":{"line":38,"column":60}},"28":{"start":{"line":39,"column":2},"end":{"line":39,"column":20}},"29":{"start":{"line":42,"column":0},"end":{"line":42,"column":33}}},"branchMap":{"1":{"line":8,"type":"if","locations":[{"start":{"line":8,"column":2},"end":{"line":8,"column":2}},{"start":{"line":8,"column":2},"end":{"line":8,"column":2}}]},"2":{"line":21,"type":"if","locations":[{"start":{"line":21,"column":2},"end":{"line":21,"column":2}},{"start":{"line":21,"column":2},"end":{"line":21,"column":2}}]}}},"/Users/tobennna/Projects/using_me/models/user.js":{"path":"/Users/tobennna/Projects/using_me/models/user.js","s":{"1":1,"2":1,"3":1,"4":1,"5":1,"6":59,"7":59,"8":59,"9":59,"10":24,"11":9,"12":9,"13":9,"14":9,"15":21,"16":17,"17":17,"18":17,"19":17,"20":17,"21":17,"22":3,"23":3,"24":3,"25":3,"26":3,"27":3,"28":2,"29":2,"30":2,"31":2,"32":2,"33":2,"34":2,"35":2,"36":23,"37":1,"38":22,"39":2,"40":20,"41":20,"42":20,"43":100,"44":100,"45":20,"46":20,"47":20,"48":20},"b":{"1":[3,0],"2":[2,0],"3":[1,22],"4":[2,20],"5":[100,0]},"f":{"1":59,"2":59,"3":24,"4":9,"5":9,"6":21,"7":17,"8":3,"9":3,"10":2,"11":23},"fnMap":{"1":{"name":"(anonymous_1)","line":7,"loc":{"start":{"line":7,"column":10},"end":{"line":7,"column":23}}},"2":{"name":"(anonymous_2)","line":11,"loc":{"start":{"line":11,"column":9},"end":{"line":11,"column":22}}},"3":{"name":"(anonymous_3)","line":13,"loc":{"start":{"line":13,"column":31},"end":{"line":13,"column":47}}},"4":{"name":"(anonymous_4)","line":17,"loc":{"start":{"line":17,"column":13},"end":{"line":17,"column":29}}},"5":{"name":"(anonymous_5)","line":19,"loc":{"start":{"line":19,"column":27},"end":{"line":19,"column":43}}},"6":{"name":"(anonymous_6)","line":24,"loc":{"start":{"line":24,"column":9},"end":{"line":24,"column":28}}},"7":{"name":"(anonymous_7)","line":27,"loc":{"start":{"line":27,"column":12},"end":{"line":27,"column":31}}},"8":{"name":"(anonymous_8)","line":35,"loc":{"start":{"line":35,"column":12},"end":{"line":35,"column":28}}},"9":{"name":"(anonymous_9)","line":37,"loc":{"start":{"line":37,"column":33},"end":{"line":37,"column":49}}},"10":{"name":"(anonymous_10)","line":45,"loc":{"start":{"line":45,"column":12},"end":{"line":45,"column":40}}},"11":{"name":"(anonymous_11)","line":57,"loc":{"start":{"line":57,"column":10},"end":{"line":57,"column":27}}}},"statementMap":{"1":{"start":{"line":1,"column":0},"end":{"line":1,"column":26}},"2":{"start":{"line":2,"column":0},"end":{"line":2,"column":35}},"3":{"start":{"line":3,"column":0},"end":{"line":3,"column":38}},"4":{"start":{"line":4,"column":0},"end":{"line":4,"column":45}},"5":{"start":{"line":5,"column":0},"end":{"line":73,"column":1}},"6":{"start":{"line":8,"column":6},"end":{"line":8,"column":54}},"7":{"start":{"line":9,"column":6},"end":{"line":9,"column":18}},"8":{"start":{"line":12,"column":6},"end":{"line":12,"column":54}},"9":{"start":{"line":13,"column":6},"end":{"line":15,"column":9}},"10":{"start":{"line":14,"column":8},"end":{"line":14,"column":30}},"11":{"start":{"line":18,"column":6},"end":{"line":18,"column":34}},"12":{"start":{"line":19,"column":6},"end":{"line":21,"column":9}},"13":{"start":{"line":20,"column":8},"end":{"line":20,"column":31}},"14":{"start":{"line":22,"column":6},"end":{"line":22,"column":18}},"15":{"start":{"line":25,"column":6},"end":{"line":25,"column":30}},"16":{"start":{"line":28,"column":6},"end":{"line":28,"column":34}},"17":{"start":{"line":29,"column":6},"end":{"line":29,"column":47}},"18":{"start":{"line":30,"column":6},"end":{"line":30,"column":51}},"19":{"start":{"line":31,"column":6},"end":{"line":31,"column":27}},"20":{"start":{"line":32,"column":6},"end":{"line":32,"column":57}},"21":{"start":{"line":33,"column":6},"end":{"line":33,"column":23}},"22":{"start":{"line":36,"column":6},"end":{"line":36,"column":34}},"23":{"start":{"line":37,"column":6},"end":{"line":39,"column":9}},"24":{"start":{"line":38,"column":8},"end":{"line":38,"column":31}},"25":{"start":{"line":40,"column":6},"end":{"line":43,"column":7}},"26":{"start":{"line":41,"column":8},"end":{"line":41,"column":30}},"27":{"start":{"line":42,"column":8},"end":{"line":42,"column":59}},"28":{"start":{"line":46,"column":6},"end":{"line":46,"column":27}},"29":{"start":{"line":47,"column":6},"end":{"line":47,"column":34}},"30":{"start":{"line":48,"column":6},"end":{"line":48,"column":48}},"31":{"start":{"line":49,"column":6},"end":{"line":53,"column":7}},"32":{"start":{"line":50,"column":8},"end":{"line":52,"column":9}},"33":{"start":{"line":51,"column":10},"end":{"line":51,"column":45}},"34":{"start":{"line":54,"column":6},"end":{"line":54,"column":32}},"35":{"start":{"line":55,"column":6},"end":{"line":55,"column":54}},"36":{"start":{"line":58,"column":6},"end":{"line":58,"column":55}},"37":{"start":{"line":58,"column":42},"end":{"line":58,"column":55}},"38":{"start":{"line":59,"column":6},"end":{"line":59,"column":47}},"39":{"start":{"line":59,"column":34},"end":{"line":59,"column":47}},"40":{"start":{"line":60,"column":6},"end":{"line":60,"column":34}},"41":{"start":{"line":61,"column":6},"end":{"line":61,"column":26}},"42":{"start":{"line":62,"column":6},"end":{"line":66,"column":7}},"43":{"start":{"line":63,"column":8},"end":{"line":65,"column":9}},"44":{"start":{"line":64,"column":10},"end":{"line":64,"column":40}},"45":{"start":{"line":67,"column":6},"end":{"line":67,"column":28}},"46":{"start":{"line":68,"column":6},"end":{"line":68,"column":55}},"47":{"start":{"line":69,"column":6},"end":{"line":69,"column":57}},"48":{"start":{"line":70,"column":6},"end":{"line":70,"column":24}}},"branchMap":{"1":{"line":40,"type":"if","locations":[{"start":{"line":40,"column":6},"end":{"line":40,"column":6}},{"start":{"line":40,"column":6},"end":{"line":40,"column":6}}]},"2":{"line":50,"type":"if","locations":[{"start":{"line":50,"column":8},"end":{"line":50,"column":8}},{"start":{"line":50,"column":8},"end":{"line":50,"column":8}}]},"3":{"line":58,"type":"if","locations":[{"start":{"line":58,"column":6},"end":{"line":58,"column":6}},{"start":{"line":58,"column":6},"end":{"line":58,"column":6}}]},"4":{"line":59,"type":"if","locations":[{"start":{"line":59,"column":6},"end":{"line":59,"column":6}},{"start":{"line":59,"column":6},"end":{"line":59,"column":6}}]},"5":{"line":63,"type":"if","locations":[{"start":{"line":63,"column":8},"end":{"line":63,"column":8}},{"start":{"line":63,"column":8},"end":{"line":63,"column":8}}]}}},"/Users/tobennna/Projects/using_me/modules/user/index.js":{"path":"/Users/tobennna/Projects/using_me/modules/user/index.js","s":{"1":1,"2":45,"3":45,"4":45,"5":45,"6":45,"7":45,"8":1,"9":45,"10":219,"11":218,"12":218,"13":1,"14":44,"15":1,"16":44,"17":43,"18":43,"19":43,"20":1,"21":44,"22":44,"23":1,"24":218,"25":216,"26":2,"27":2,"28":1,"29":45,"30":45},"b":{"1":[218,1],"2":[216,2]},"f":{"1":45,"2":45,"3":44,"4":43,"5":43,"6":43,"7":1,"8":44,"9":218,"10":45},"fnMap":{"1":{"name":"(anonymous_1)","line":1,"loc":{"start":{"line":1,"column":11},"end":{"line":1,"column":23}}},"2":{"name":"(anonymous_2)","line":11,"loc":{"start":{"line":11,"column":23},"end":{"line":11,"column":39}}},"3":{"name":"(anonymous_3)","line":25,"loc":{"start":{"line":25,"column":8},"end":{"line":25,"column":20}}},"4":{"name":"(anonymous_4)","line":26,"loc":{"start":{"line":26,"column":14},"end":{"line":26,"column":26}}},"5":{"name":"(anonymous_5)","line":27,"loc":{"start":{"line":27,"column":13},"end":{"line":27,"column":25}}},"6":{"name":"(anonymous_6)","line":28,"loc":{"start":{"line":28,"column":13},"end":{"line":28,"column":25}}},"7":{"name":"(anonymous_7)","line":29,"loc":{"start":{"line":29,"column":12},"end":{"line":29,"column":24}}},"8":{"name":"(anonymous_8)","line":30,"loc":{"start":{"line":30,"column":11},"end":{"line":30,"column":28}}},"9":{"name":"(anonymous_9)","line":36,"loc":{"start":{"line":36,"column":27},"end":{"line":36,"column":50}}},"10":{"name":"(anonymous_10)","line":42,"loc":{"start":{"line":42,"column":17},"end":{"line":42,"column":33}}}},"statementMap":{"1":{"start":{"line":1,"column":0},"end":{"line":9,"column":1}},"2":{"start":{"line":2,"column":4},"end":{"line":2,"column":19}},"3":{"start":{"line":3,"column":4},"end":{"line":3,"column":22}},"4":{"start":{"line":4,"column":4},"end":{"line":4,"column":25}},"5":{"start":{"line":5,"column":4},"end":{"line":5,"column":24}},"6":{"start":{"line":6,"column":4},"end":{"line":6,"column":24}},"7":{"start":{"line":7,"column":4},"end":{"line":7,"column":21}},"8":{"start":{"line":11,"column":0},"end":{"line":22,"column":2}},"9":{"start":{"line":12,"column":2},"end":{"line":20,"column":3}},"10":{"start":{"line":13,"column":4},"end":{"line":19,"column":5}},"11":{"start":{"line":14,"column":6},"end":{"line":14,"column":30}},"12":{"start":{"line":15,"column":6},"end":{"line":15,"column":39}},"13":{"start":{"line":18,"column":6},"end":{"line":18,"column":18}},"14":{"start":{"line":21,"column":2},"end":{"line":21,"column":14}},"15":{"start":{"line":24,"column":0},"end":{"line":34,"column":2}},"16":{"start":{"line":25,"column":22},"end":{"line":25,"column":34}},"17":{"start":{"line":26,"column":28},"end":{"line":26,"column":40}},"18":{"start":{"line":27,"column":27},"end":{"line":27,"column":39}},"19":{"start":{"line":28,"column":27},"end":{"line":28,"column":39}},"20":{"start":{"line":29,"column":26},"end":{"line":29,"column":38}},"21":{"start":{"line":31,"column":6},"end":{"line":31,"column":30}},"22":{"start":{"line":32,"column":6},"end":{"line":32,"column":28}},"23":{"start":{"line":36,"column":0},"end":{"line":40,"column":1}},"24":{"start":{"line":37,"column":2},"end":{"line":37,"column":45}},"25":{"start":{"line":37,"column":38},"end":{"line":37,"column":45}},"26":{"start":{"line":38,"column":2},"end":{"line":38,"column":64}},"27":{"start":{"line":39,"column":2},"end":{"line":39,"column":20}},"28":{"start":{"line":42,"column":0},"end":{"line":45,"column":2}},"29":{"start":{"line":43,"column":2},"end":{"line":43,"column":24}},"30":{"start":{"line":44,"column":2},"end":{"line":44,"column":26}}},"branchMap":{"1":{"line":13,"type":"if","locations":[{"start":{"line":13,"column":4},"end":{"line":13,"column":4}},{"start":{"line":13,"column":4},"end":{"line":13,"column":4}}]},"2":{"line":37,"type":"if","locations":[{"start":{"line":37,"column":2},"end":{"line":37,"column":2}},{"start":{"line":37,"column":2},"end":{"line":37,"column":2}}]}}},"/Users/tobennna/Projects/using_me/schemas/user.js":{"path":"/Users/tobennna/Projects/using_me/schemas/user.js","s":{"1":1},"b":{},"f":{},"fnMap":{},"statementMap":{"1":{"start":{"line":1,"column":0},"end":{"line":7,"column":1}}},"branchMap":{}}}