{"/Users/tobennna/Projects/using_me/models/user.js":{"path":"/Users/tobennna/Projects/using_me/models/user.js","s":{"1":1,"2":1,"3":1,"4":1,"5":7,"6":7,"7":7,"8":3,"9":1,"10":1,"11":1,"12":1,"13":3,"14":3,"15":3,"16":1,"17":1,"18":1,"19":1,"20":1,"21":1},"b":{"1":[1,0]},"f":{"1":7,"2":3,"3":1,"4":1,"5":3,"6":1,"7":1},"fnMap":{"1":{"name":"(anonymous_1)","line":6,"loc":{"start":{"line":6,"column":9},"end":{"line":6,"column":22}}},"2":{"name":"(anonymous_2)","line":9,"loc":{"start":{"line":9,"column":31},"end":{"line":9,"column":47}}},"3":{"name":"(anonymous_3)","line":13,"loc":{"start":{"line":13,"column":10},"end":{"line":13,"column":26}}},"4":{"name":"(anonymous_4)","line":15,"loc":{"start":{"line":15,"column":27},"end":{"line":15,"column":43}}},"5":{"name":"(anonymous_5)","line":20,"loc":{"start":{"line":20,"column":12},"end":{"line":20,"column":29}}},"6":{"name":"(anonymous_6)","line":25,"loc":{"start":{"line":25,"column":12},"end":{"line":25,"column":28}}},"7":{"name":"(anonymous_7)","line":27,"loc":{"start":{"line":27,"column":33},"end":{"line":27,"column":49}}}},"statementMap":{"1":{"start":{"line":1,"column":0},"end":{"line":1,"column":26}},"2":{"start":{"line":2,"column":0},"end":{"line":2,"column":35}},"3":{"start":{"line":3,"column":0},"end":{"line":3,"column":38}},"4":{"start":{"line":4,"column":0},"end":{"line":36,"column":1}},"5":{"start":{"line":7,"column":6},"end":{"line":7,"column":54}},"6":{"start":{"line":8,"column":6},"end":{"line":8,"column":43}},"7":{"start":{"line":9,"column":6},"end":{"line":11,"column":9}},"8":{"start":{"line":10,"column":8},"end":{"line":10,"column":30}},"9":{"start":{"line":14,"column":6},"end":{"line":14,"column":34}},"10":{"start":{"line":15,"column":6},"end":{"line":17,"column":9}},"11":{"start":{"line":16,"column":8},"end":{"line":16,"column":31}},"12":{"start":{"line":18,"column":6},"end":{"line":18,"column":18}},"13":{"start":{"line":21,"column":6},"end":{"line":21,"column":34}},"14":{"start":{"line":22,"column":6},"end":{"line":22,"column":22}},"15":{"start":{"line":23,"column":6},"end":{"line":23,"column":56}},"16":{"start":{"line":26,"column":6},"end":{"line":26,"column":34}},"17":{"start":{"line":27,"column":6},"end":{"line":29,"column":9}},"18":{"start":{"line":28,"column":8},"end":{"line":28,"column":31}},"19":{"start":{"line":30,"column":6},"end":{"line":33,"column":7}},"20":{"start":{"line":31,"column":8},"end":{"line":31,"column":30}},"21":{"start":{"line":32,"column":8},"end":{"line":32,"column":59}}},"branchMap":{"1":{"line":30,"type":"if","locations":[{"start":{"line":30,"column":6},"end":{"line":30,"column":6}},{"start":{"line":30,"column":6},"end":{"line":30,"column":6}}]}}},"/Users/tobennna/Projects/using_me/modules/user/index.js":{"path":"/Users/tobennna/Projects/using_me/modules/user/index.js","s":{"1":1,"2":6,"3":6,"4":6,"5":6,"6":6,"7":1,"8":6,"9":36,"10":30,"11":6,"12":1,"13":6,"14":6},"b":{"1":[30,6]},"f":{"1":6,"2":6,"3":6},"fnMap":{"1":{"name":"(anonymous_1)","line":1,"loc":{"start":{"line":1,"column":11},"end":{"line":1,"column":23}}},"2":{"name":"(anonymous_2)","line":9,"loc":{"start":{"line":9,"column":23},"end":{"line":9,"column":39}}},"3":{"name":"(anonymous_3)","line":18,"loc":{"start":{"line":18,"column":17},"end":{"line":18,"column":33}}}},"statementMap":{"1":{"start":{"line":1,"column":0},"end":{"line":7,"column":1}},"2":{"start":{"line":2,"column":4},"end":{"line":2,"column":19}},"3":{"start":{"line":3,"column":4},"end":{"line":3,"column":22}},"4":{"start":{"line":4,"column":4},"end":{"line":4,"column":25}},"5":{"start":{"line":5,"column":4},"end":{"line":5,"column":24}},"6":{"start":{"line":6,"column":4},"end":{"line":6,"column":24}},"7":{"start":{"line":9,"column":0},"end":{"line":16,"column":2}},"8":{"start":{"line":10,"column":2},"end":{"line":14,"column":3}},"9":{"start":{"line":11,"column":4},"end":{"line":13,"column":5}},"10":{"start":{"line":12,"column":6},"end":{"line":12,"column":30}},"11":{"start":{"line":15,"column":2},"end":{"line":15,"column":14}},"12":{"start":{"line":18,"column":0},"end":{"line":21,"column":2}},"13":{"start":{"line":19,"column":2},"end":{"line":19,"column":24}},"14":{"start":{"line":20,"column":2},"end":{"line":20,"column":26}}},"branchMap":{"1":{"line":11,"type":"if","locations":[{"start":{"line":11,"column":4},"end":{"line":11,"column":4}},{"start":{"line":11,"column":4},"end":{"line":11,"column":4}}]}}}}