TN:
SF:/Users/tobennna/Projects/using_me/models/user.js
FN:7,(anonymous_1)
FN:11,(anonymous_2)
FN:13,(anonymous_3)
FN:17,(anonymous_4)
FN:19,(anonymous_5)
FN:24,(anonymous_6)
FN:26,(anonymous_7)
FN:32,(anonymous_8)
FN:34,(anonymous_9)
FN:42,(anonymous_10)
FN:53,(anonymous_11)
FNF:11
FNH:10
FNDA:13,(anonymous_1)
FNDA:13,(anonymous_2)
FNDA:7,(anonymous_3)
FNDA:3,(anonymous_4)
FNDA:3,(anonymous_5)
FNDA:0,(anonymous_6)
FNDA:4,(anonymous_7)
FNDA:2,(anonymous_8)
FNDA:2,(anonymous_9)
FNDA:1,(anonymous_10)
FNDA:1,(anonymous_11)
DA:1,1
DA:2,1
DA:3,1
DA:4,1
DA:5,1
DA:8,13
DA:9,13
DA:12,13
DA:13,13
DA:14,7
DA:18,3
DA:19,3
DA:20,3
DA:22,3
DA:27,4
DA:28,4
DA:29,4
DA:30,4
DA:33,2
DA:34,2
DA:35,2
DA:37,2
DA:38,2
DA:39,2
DA:43,1
DA:44,1
DA:45,1
DA:46,1
DA:47,1
DA:50,1
DA:51,1
DA:54,1
DA:55,1
DA:56,1
DA:57,5
DA:58,5
DA:61,1
DA:62,1
DA:63,1
LF:39
LH:39
BRDA:37,1,0,2
BRDA:37,1,1,0
BRDA:46,2,0,1
BRDA:46,2,1,0
BRDA:57,3,0,5
BRDA:57,3,1,0
BRF:6
BRH:3
end_of_record
TN:
SF:/Users/tobennna/Projects/using_me/modules/user/index.js
FN:1,(anonymous_1)
FN:11,(anonymous_2)
FN:22,(anonymous_3)
FN:23,(anonymous_4)
FN:24,(anonymous_5)
FN:25,(anonymous_6)
FN:26,(anonymous_7)
FN:27,(anonymous_8)
FN:33,(anonymous_9)
FN:39,(anonymous_10)
FNF:10
FNH:10
FNDA:11,(anonymous_1)
FNDA:11,(anonymous_2)
FNDA:11,(anonymous_3)
FNDA:11,(anonymous_4)
FNDA:11,(anonymous_5)
FNDA:11,(anonymous_6)
FNDA:6,(anonymous_7)
FNDA:11,(anonymous_8)
FNDA:61,(anonymous_9)
FNDA:11,(anonymous_10)
DA:1,1
DA:2,11
DA:3,11
DA:4,11
DA:5,11
DA:6,11
DA:7,11
DA:11,1
DA:12,11
DA:13,61
DA:14,61
DA:15,61
DA:18,11
DA:21,1
DA:22,11
DA:23,11
DA:24,11
DA:25,11
DA:26,6
DA:28,11
DA:29,11
DA:33,1
DA:34,61
DA:35,0
DA:36,0
DA:39,1
DA:40,11
DA:41,11
LF:28
LH:26
BRDA:13,1,0,61
BRDA:13,1,1,0
BRDA:34,2,0,61
BRDA:34,2,1,0
BRF:4
BRH:2
end_of_record
TN:
SF:/Users/tobennna/Projects/using_me/schemas/user.js
FNF:0
FNH:0
DA:1,1
LF:1
LH:1
BRF:0
BRH:0
end_of_record
