TN:
SF:/Users/tobennna/Projects/using_me/models/user.js
FN:7,(anonymous_1)
FN:11,(anonymous_2)
FN:13,(anonymous_3)
FN:17,(anonymous_4)
FN:19,(anonymous_5)
FN:24,(anonymous_6)
FN:27,(anonymous_7)
FN:33,(anonymous_8)
FN:35,(anonymous_9)
FN:43,(anonymous_10)
FN:54,(anonymous_11)
FNF:11
FNH:11
FNDA:22,(anonymous_1)
FNDA:22,(anonymous_2)
FNDA:14,(anonymous_3)
FNDA:4,(anonymous_4)
FNDA:4,(anonymous_5)
FNDA:1,(anonymous_6)
FNDA:8,(anonymous_7)
FNDA:2,(anonymous_8)
FNDA:2,(anonymous_9)
FNDA:1,(anonymous_10)
FNDA:2,(anonymous_11)
DA:1,1
DA:2,1
DA:3,1
DA:4,1
DA:5,1
DA:8,22
DA:9,22
DA:12,22
DA:13,22
DA:14,14
DA:18,4
DA:19,4
DA:20,4
DA:22,4
DA:25,1
DA:28,8
DA:29,8
DA:30,8
DA:31,8
DA:34,2
DA:35,2
DA:36,2
DA:38,2
DA:39,2
DA:40,2
DA:44,1
DA:45,1
DA:46,1
DA:47,1
DA:48,1
DA:51,1
DA:52,1
DA:55,2
DA:56,1
DA:57,1
DA:58,1
DA:59,5
DA:60,5
DA:63,1
DA:64,1
DA:65,1
LF:41
LH:41
BRDA:38,1,0,2
BRDA:38,1,1,0
BRDA:47,2,0,1
BRDA:47,2,1,0
BRDA:55,3,0,1
BRDA:55,3,1,1
BRDA:59,4,0,5
BRDA:59,4,1,0
BRF:8
BRH:5
end_of_record
TN:
SF:/Users/tobennna/Projects/using_me/modules/user/index.js
FN:1,(anonymous_1)
FN:11,(anonymous_2)
FN:22,(anonymous_3)
FN:23,(anonymous_4)
FN:24,(anonymous_5)
FN:25,(anonymous_6)
FN:26,(anonymous_7)
FN:27,(anonymous_8)
FN:33,(anonymous_9)
FN:39,(anonymous_10)
FNF:10
FNH:10
FNDA:22,(anonymous_1)
FNDA:22,(anonymous_2)
FNDA:22,(anonymous_3)
FNDA:21,(anonymous_4)
FNDA:21,(anonymous_5)
FNDA:21,(anonymous_6)
FNDA:12,(anonymous_7)
FNDA:22,(anonymous_8)
FNDA:119,(anonymous_9)
FNDA:22,(anonymous_10)
DA:1,1
DA:2,22
DA:3,22
DA:4,22
DA:5,22
DA:6,22
DA:7,22
DA:11,1
DA:12,22
DA:13,119
DA:14,119
DA:15,119
DA:18,22
DA:21,1
DA:22,22
DA:23,21
DA:24,21
DA:25,21
DA:26,12
DA:28,22
DA:29,22
DA:33,1
DA:34,119
DA:35,1
DA:36,1
DA:39,1
DA:40,22
DA:41,22
LF:28
LH:28
BRDA:13,1,0,119
BRDA:13,1,1,0
BRDA:34,2,0,118
BRDA:34,2,1,1
BRF:4
BRH:3
end_of_record
TN:
SF:/Users/tobennna/Projects/using_me/schemas/user.js
FNF:0
FNH:0
DA:1,1
LF:1
LH:1
BRF:0
BRH:0
end_of_record
